<?xml version="1.0" encoding="UTF-8"?>
<testng-results ignored="0" total="1" passed="1" failed="0" skipped="0">
  <reporter-output>
  </reporter-output>
  <suite started-at="2025-08-13T17:15:55 IST" name="Default suite" finished-at="2025-08-13T17:17:45 IST" duration-ms="109569">
    <groups>
    </groups>
    <test started-at="2025-08-13T17:15:55 IST" name="Default test" finished-at="2025-08-13T17:17:45 IST" duration-ms="109569">
      <class name="TestCases.Search_Testcase">
        <test-method is-config="true" signature="login()[pri:0, instance:TestCases.Search_Testcase@682b2fa]" started-at="2025-08-13T17:15:55 IST" name="login" finished-at="2025-08-13T17:16:56 IST" duration-ms="60832" status="PASS">
          <reporter-output>
          </reporter-output>
        </test-method> <!-- login -->
        <test-method signature="LoginTestCase()[pri:0, instance:TestCases.Search_Testcase@682b2fa]" started-at="2025-08-13T17:16:56 IST" name="LoginTestCase" finished-at="2025-08-13T17:17:44 IST" duration-ms="48629" status="PASS">
          <reporter-output>
          </reporter-output>
        </test-method> <!-- LoginTestCase -->
      </class> <!-- TestCases.Search_Testcase -->
    </test> <!-- Default test -->
  </suite> <!-- Default suite -->
</testng-results>
